<?xml version="1.0" encoding="UTF-8"?>
<coverage generated="1591518110191" clover="3.2.0">
  <project timestamp="1591518110191" name="All files">
    <metrics statements="97" coveredstatements="97" conditionals="18" coveredconditionals="18" methods="38" coveredmethods="38" elements="153" coveredelements="153" complexity="0" loc="97" ncloc="97" packages="2" files="9" classes="9"/>
    <package name="app.src.containers.App">
      <metrics statements="1" coveredstatements="1" conditionals="0" coveredconditionals="0" methods="1" coveredmethods="1"/>
      <file name="index.js" path="/Users/amorettopersonal/Developer/graph_manager/packages/app/src/containers/App/index.js">
        <metrics statements="1" coveredstatements="1" conditionals="0" coveredconditionals="0" methods="1" coveredmethods="1"/>
        <line num="4" count="1" type="stmt"/>
      </file>
    </package>
    <package name="library.src">
      <metrics statements="96" coveredstatements="96" conditionals="18" coveredconditionals="18" methods="37" coveredmethods="37"/>
      <file name="Action.ts" path="/Users/amorettopersonal/Developer/graph_manager/packages/library/src/Action.ts">
        <metrics statements="13" coveredstatements="13" conditionals="0" coveredconditionals="0" methods="4" coveredmethods="4"/>
        <line num="1" count="5" type="stmt"/>
        <line num="3" count="5" type="stmt"/>
        <line num="10" count="5" type="stmt"/>
        <line num="18" count="22" type="stmt"/>
        <line num="19" count="22" type="stmt"/>
        <line num="20" count="22" type="stmt"/>
        <line num="21" count="22" type="stmt"/>
        <line num="22" count="22" type="stmt"/>
        <line num="23" count="22" type="stmt"/>
        <line num="27" count="19" type="stmt"/>
        <line num="30" count="19" type="stmt"/>
        <line num="31" count="13" type="stmt"/>
        <line num="32" count="6" type="stmt"/>
      </file>
      <file name="ActionStore.ts" path="/Users/amorettopersonal/Developer/graph_manager/packages/library/src/ActionStore.ts">
        <metrics statements="18" coveredstatements="18" conditionals="2" coveredconditionals="2" methods="11" coveredmethods="11"/>
        <line num="2" count="3" type="stmt"/>
        <line num="4" count="3" type="stmt"/>
        <line num="7" count="13" type="stmt"/>
        <line num="10" count="13" type="stmt"/>
        <line num="14" count="42" type="cond" truecount="2" falsecount="0"/>
        <line num="15" count="13" type="stmt"/>
        <line num="17" count="42" type="stmt"/>
        <line num="21" count="16" type="stmt"/>
        <line num="22" count="16" type="stmt"/>
        <line num="23" count="16" type="stmt"/>
        <line num="27" count="9" type="stmt"/>
        <line num="28" count="9" type="stmt"/>
        <line num="32" count="32" type="stmt"/>
        <line num="36" count="16" type="stmt"/>
        <line num="38" count="15" type="stmt"/>
        <line num="39" count="15" type="stmt"/>
        <line num="40" count="15" type="stmt"/>
        <line num="46" count="10" type="stmt"/>
      </file>
      <file name="Graph.ts" path="/Users/amorettopersonal/Developer/graph_manager/packages/library/src/Graph.ts">
        <metrics statements="6" coveredstatements="6" conditionals="0" coveredconditionals="0" methods="2" coveredmethods="2"/>
        <line num="2" count="1" type="stmt"/>
        <line num="3" count="1" type="stmt"/>
        <line num="5" count="1" type="stmt"/>
        <line num="9" count="3" type="stmt"/>
        <line num="13" count="6" type="stmt"/>
        <line num="14" count="6" type="stmt"/>
      </file>
      <file name="NodeExecutor.ts" path="/Users/amorettopersonal/Developer/graph_manager/packages/library/src/NodeExecutor.ts">
        <metrics statements="11" coveredstatements="11" conditionals="2" coveredconditionals="2" methods="4" coveredmethods="4"/>
        <line num="1" count="2" type="stmt"/>
        <line num="4" count="2" type="stmt"/>
        <line num="6" count="2" type="stmt"/>
        <line num="8" count="9" type="stmt"/>
        <line num="9" count="9" type="stmt"/>
        <line num="10" count="9" type="stmt"/>
        <line num="11" count="9" type="stmt"/>
        <line num="12" count="9" type="cond" truecount="2" falsecount="0"/>
        <line num="13" count="8" type="stmt"/>
        <line num="16" count="2" type="stmt"/>
        <line num="20" count="4" type="stmt"/>
      </file>
      <file name="Observable.ts" path="/Users/amorettopersonal/Developer/graph_manager/packages/library/src/Observable.ts">
        <metrics statements="3" coveredstatements="3" conditionals="0" coveredconditionals="0" methods="1" coveredmethods="1"/>
        <line num="1" count="5" type="stmt"/>
        <line num="3" count="5" type="stmt"/>
        <line num="7" count="27" type="stmt"/>
      </file>
      <file name="StatusManager.ts" path="/Users/amorettopersonal/Developer/graph_manager/packages/library/src/StatusManager.ts">
        <metrics statements="32" coveredstatements="32" conditionals="10" coveredconditionals="10" methods="7" coveredmethods="7"/>
        <line num="1" count="2" type="stmt"/>
        <line num="3" count="2" type="stmt"/>
        <line num="9" count="2" type="stmt"/>
        <line num="10" count="5" type="stmt"/>
        <line num="11" count="5" type="stmt"/>
        <line num="12" count="5" type="stmt"/>
        <line num="15" count="9" type="cond" truecount="2" falsecount="0"/>
        <line num="16" count="5" type="stmt"/>
        <line num="17" count="5" type="stmt"/>
        <line num="19" count="9" type="stmt"/>
        <line num="20" count="9" type="stmt"/>
        <line num="21" count="14" type="stmt"/>
        <line num="22" count="6" type="stmt"/>
        <line num="24" count="9" type="stmt"/>
        <line num="28" count="14" type="stmt"/>
        <line num="29" count="14" type="cond" truecount="2" falsecount="0"/>
        <line num="30" count="4" type="stmt"/>
        <line num="31" count="4" type="stmt"/>
        <line num="32" count="4" type="stmt"/>
        <line num="33" count="4" type="stmt"/>
        <line num="35" count="10" type="stmt"/>
        <line num="36" count="10" type="cond" truecount="2" falsecount="0"/>
        <line num="37" count="8" type="stmt"/>
        <line num="38" count="8" type="stmt"/>
        <line num="43" count="6" type="stmt"/>
        <line num="44" count="6" type="stmt"/>
        <line num="45" count="6" type="cond" truecount="2" falsecount="0"/>
        <line num="46" count="4" type="stmt"/>
        <line num="47" count="4" type="stmt"/>
        <line num="48" count="4" type="stmt"/>
        <line num="53" count="21" type="cond" truecount="2" falsecount="0"/>
        <line num="54" count="14" type="stmt"/>
      </file>
      <file name="TagManager.ts" path="/Users/amorettopersonal/Developer/graph_manager/packages/library/src/TagManager.ts">
        <metrics statements="9" coveredstatements="9" conditionals="2" coveredconditionals="2" methods="7" coveredmethods="7"/>
        <line num="1" count="4" type="stmt"/>
        <line num="2" count="15" type="stmt"/>
        <line num="7" count="52" type="cond" truecount="2" falsecount="0"/>
        <line num="8" count="22" type="stmt"/>
        <line num="10" count="52" type="stmt"/>
        <line num="14" count="21" type="stmt"/>
        <line num="18" count="10" type="stmt"/>
        <line num="19" count="10" type="stmt"/>
        <line num="20" count="12" type="stmt"/>
      </file>
      <file name="enums.ts" path="/Users/amorettopersonal/Developer/graph_manager/packages/library/src/enums.ts">
        <metrics statements="4" coveredstatements="4" conditionals="2" coveredconditionals="2" methods="1" coveredmethods="1"/>
        <line num="1" count="2" type="cond" truecount="2" falsecount="0"/>
        <line num="2" count="2" type="stmt"/>
        <line num="3" count="2" type="stmt"/>
        <line num="4" count="2" type="stmt"/>
      </file>
    </package>
  </project>
</coverage>
