{"/Users/amorettopersonal/Developer/graph_manager/packages/app/src/containers/App/index.js": {"path":"/Users/amorettopersonal/Developer/graph_manager/packages/app/src/containers/App/index.js","statementMap":{"0":{"start":{"line":4,"column":2},"end":{"line":6,"column":4}}},"fnMap":{"0":{"name":"App","decl":{"start":{"line":3,"column":24},"end":{"line":3,"column":27}},"loc":{"start":{"line":3,"column":30},"end":{"line":7,"column":1}},"line":3}},"branchMap":{},"s":{"0":1},"f":{"0":1},"b":{},"_coverageSchema":"1a1c01bbd47fc00a2c39e90264f33305004495a9","hash":"0ac8887b6984a8a00e6d1d5e5dac30c0204a463a"}
,"/Users/amorettopersonal/Developer/graph_manager/packages/library/src/Action.ts": {"path":"/Users/amorettopersonal/Developer/graph_manager/packages/library/src/Action.ts","statementMap":{"0":{"start":{"line":1,"column":0},"end":{"line":1,"column":36}},"1":{"start":{"line":3,"column":0},"end":{"line":3,"column":38}},"2":{"start":{"line":18,"column":8},"end":{"line":18,"column":16}},"3":{"start":{"line":19,"column":8},"end":{"line":19,"column":27}},"4":{"start":{"line":20,"column":8},"end":{"line":20,"column":45}},"5":{"start":{"line":21,"column":8},"end":{"line":21,"column":25}},"6":{"start":{"line":22,"column":8},"end":{"line":22,"column":36}},"7":{"start":{"line":23,"column":8},"end":{"line":23,"column":31}},"8":{"start":{"line":27,"column":8},"end":{"line":29,"column":11}},"9":{"start":{"line":30,"column":8},"end":{"line":35,"column":16}},"10":{"start":{"line":31,"column":24},"end":{"line":31,"column":47}},"11":{"start":{"line":32,"column":24},"end":{"line":35,"column":14}},"12":{"start":{"line":10,"column":0},"end":{"line":10,"column":21}}},"fnMap":{"0":{"name":"(anonymous_1)","decl":{"start":{"line":17,"column":4},"end":{"line":17,"column":16}},"loc":{"start":{"line":17,"column":85},"end":{"line":24,"column":5}}},"1":{"name":"(anonymous_2)","decl":{"start":{"line":26,"column":11},"end":{"line":26,"column":18}},"loc":{"start":{"line":26,"column":18},"end":{"line":36,"column":5}}},"2":{"name":"(anonymous_3)","decl":{"start":{"line":31,"column":18},"end":{"line":31,"column":21}},"loc":{"start":{"line":31,"column":24},"end":{"line":31,"column":47}}},"3":{"name":"(anonymous_4)","decl":{"start":{"line":32,"column":19},"end":{"line":32,"column":20}},"loc":{"start":{"line":32,"column":24},"end":{"line":35,"column":14}}}},"branchMap":{},"s":{"0":5,"1":5,"2":22,"3":22,"4":22,"5":22,"6":22,"7":22,"8":19,"9":19,"10":13,"11":6,"12":5},"f":{"0":22,"1":19,"2":13,"3":6},"b":{}}
,"/Users/amorettopersonal/Developer/graph_manager/packages/library/src/ActionStore.ts": {"path":"/Users/amorettopersonal/Developer/graph_manager/packages/library/src/ActionStore.ts","statementMap":{"0":{"start":{"line":2,"column":0},"end":{"line":2,"column":38}},"1":{"start":{"line":7,"column":12},"end":{"line":7,"column":50}},"2":{"start":{"line":10,"column":8},"end":{"line":10,"column":43}},"3":{"start":{"line":14,"column":8},"end":{"line":16,"column":null}},"4":{"start":{"line":15,"column":12},"end":{"line":15,"column":53}},"5":{"start":{"line":17,"column":8},"end":{"line":17,"column":36}},"6":{"start":{"line":21,"column":8},"end":{"line":21,"column":41}},"7":{"start":{"line":22,"column":8},"end":{"line":22,"column":58}},"8":{"start":{"line":23,"column":8},"end":{"line":23,"column":81}},"9":{"start":{"line":23,"column":50},"end":{"line":23,"column":78}},"10":{"start":{"line":27,"column":8},"end":{"line":27,"column":80}},"11":{"start":{"line":28,"column":8},"end":{"line":28,"column":38}},"12":{"start":{"line":32,"column":8},"end":{"line":32,"column":38}},"13":{"start":{"line":36,"column":8},"end":{"line":41,"column":19}},"14":{"start":{"line":36,"column":43},"end":{"line":36,"column":70}},"15":{"start":{"line":38,"column":25},"end":{"line":38,"column":67}},"16":{"start":{"line":39,"column":16},"end":{"line":39,"column":56}},"17":{"start":{"line":39,"column":39},"end":{"line":39,"column":54}},"18":{"start":{"line":40,"column":16},"end":{"line":40,"column":27}},"19":{"start":{"line":46,"column":8},"end":{"line":46,"column":36}},"20":{"start":{"line":4,"column":0},"end":{"line":4,"column":21}}},"fnMap":{"0":{"name":"(anonymous_1)","decl":{"start":{"line":9,"column":4},"end":{"line":9,"column":null}},"loc":{"start":{"line":9,"column":4},"end":{"line":11,"column":5}}},"1":{"name":"(anonymous_2)","decl":{"start":{"line":13,"column":11},"end":{"line":13,"column":17}},"loc":{"start":{"line":13,"column":29},"end":{"line":18,"column":5}}},"2":{"name":"(anonymous_3)","decl":{"start":{"line":20,"column":11},"end":{"line":20,"column":20}},"loc":{"start":{"line":20,"column":35},"end":{"line":24,"column":5}}},"3":{"name":"(anonymous_4)","decl":{"start":{"line":23,"column":44},"end":{"line":23,"column":47}},"loc":{"start":{"line":23,"column":50},"end":{"line":23,"column":78}}},"4":{"name":"(anonymous_5)","decl":{"start":{"line":26,"column":12},"end":{"line":26,"column":24}},"loc":{"start":{"line":26,"column":41},"end":{"line":29,"column":5}}},"5":{"name":"(anonymous_6)","decl":{"start":{"line":31,"column":11},"end":{"line":31,"column":20}},"loc":{"start":{"line":31,"column":37},"end":{"line":33,"column":5}}},"6":{"name":"(anonymous_7)","decl":{"start":{"line":35,"column":11},"end":{"line":35,"column":29}},"loc":{"start":{"line":35,"column":44},"end":{"line":42,"column":5}}},"7":{"name":"(anonymous_8)","decl":{"start":{"line":36,"column":36},"end":{"line":36,"column":39}},"loc":{"start":{"line":36,"column":43},"end":{"line":36,"column":70}}},"8":{"name":"(anonymous_9)","decl":{"start":{"line":37,"column":20},"end":{"line":37,"column":21}},"loc":{"start":{"line":37,"column":40},"end":{"line":41,"column":13}}},"9":{"name":"(anonymous_10)","decl":{"start":{"line":39,"column":32},"end":{"line":39,"column":35}},"loc":{"start":{"line":39,"column":39},"end":{"line":39,"column":54}}},"10":{"name":"(anonymous_11)","decl":{"start":{"line":44,"column":11},"end":{"line":44,"column":16}},"loc":{"start":{"line":44,"column":16},"end":{"line":47,"column":5}}}},"branchMap":{"0":{"loc":{"start":{"line":14,"column":8},"end":{"line":16,"column":null}},"type":"if","locations":[{"start":{"line":14,"column":8},"end":{"line":16,"column":null}},{"start":{"line":14,"column":8},"end":{"line":16,"column":null}}]}},"s":{"0":3,"1":13,"2":13,"3":42,"4":13,"5":42,"6":16,"7":16,"8":16,"9":9,"10":9,"11":9,"12":32,"13":16,"14":15,"15":15,"16":15,"17":10,"18":15,"19":10,"20":3},"f":{"0":13,"1":42,"2":16,"3":9,"4":9,"5":32,"6":16,"7":15,"8":15,"9":10,"10":10},"b":{"0":[13,29]}}
,"/Users/amorettopersonal/Developer/graph_manager/packages/library/src/Graph.ts": {"path":"/Users/amorettopersonal/Developer/graph_manager/packages/library/src/Graph.ts","statementMap":{"0":{"start":{"line":2,"column":0},"end":{"line":2,"column":42}},"1":{"start":{"line":3,"column":0},"end":{"line":3,"column":44}},"2":{"start":{"line":9,"column":8},"end":{"line":9,"column":49}},"3":{"start":{"line":13,"column":8},"end":{"line":13,"column":49}},"4":{"start":{"line":14,"column":8},"end":{"line":14,"column":33}},"5":{"start":{"line":5,"column":0},"end":{"line":5,"column":21}}},"fnMap":{"0":{"name":"(anonymous_1)","decl":{"start":{"line":8,"column":4},"end":{"line":8,"column":null}},"loc":{"start":{"line":8,"column":4},"end":{"line":10,"column":5}}},"1":{"name":"(anonymous_2)","decl":{"start":{"line":12,"column":11},"end":{"line":12,"column":18}},"loc":{"start":{"line":12,"column":33},"end":{"line":15,"column":5}}}},"branchMap":{},"s":{"0":1,"1":1,"2":3,"3":6,"4":6,"5":1},"f":{"0":3,"1":6},"b":{}}
,"/Users/amorettopersonal/Developer/graph_manager/packages/library/src/NodeExecutor.ts": {"path":"/Users/amorettopersonal/Developer/graph_manager/packages/library/src/NodeExecutor.ts","statementMap":{"0":{"start":{"line":1,"column":0},"end":{"line":1,"column":32}},"1":{"start":{"line":4,"column":0},"end":{"line":4,"column":40}},"2":{"start":{"line":8,"column":28},"end":{"line":8,"column":53}},"3":{"start":{"line":9,"column":8},"end":{"line":9,"column":89}},"4":{"start":{"line":10,"column":8},"end":{"line":10,"column":38}},"5":{"start":{"line":11,"column":32},"end":{"line":11,"column":105}},"6":{"start":{"line":11,"column":73},"end":{"line":11,"column":104}},"7":{"start":{"line":12,"column":8},"end":{"line":19,"column":null}},"8":{"start":{"line":13,"column":12},"end":{"line":18,"column":19}},"9":{"start":{"line":13,"column":66},"end":{"line":13,"column":100}},"10":{"start":{"line":16,"column":24},"end":{"line":16,"column":41}},"11":{"start":{"line":20,"column":8},"end":{"line":20,"column":25}},"12":{"start":{"line":6,"column":0},"end":{"line":6,"column":21}}},"fnMap":{"0":{"name":"(anonymous_1)","decl":{"start":{"line":7,"column":4},"end":{"line":7,"column":16}},"loc":{"start":{"line":7,"column":30},"end":{"line":21,"column":5}}},"1":{"name":"(anonymous_2)","decl":{"start":{"line":11,"column":61},"end":{"line":11,"column":69}},"loc":{"start":{"line":11,"column":73},"end":{"line":11,"column":104}}},"2":{"name":"(anonymous_3)","decl":{"start":{"line":13,"column":48},"end":{"line":13,"column":62}},"loc":{"start":{"line":13,"column":66},"end":{"line":13,"column":100}}},"3":{"name":"(anonymous_4)","decl":{"start":{"line":15,"column":30},"end":{"line":15,"column":33}},"loc":{"start":{"line":15,"column":35},"end":{"line":17,"column":21}}}},"branchMap":{"0":{"loc":{"start":{"line":12,"column":8},"end":{"line":19,"column":null}},"type":"if","locations":[{"start":{"line":12,"column":8},"end":{"line":19,"column":null}},{"start":{"line":12,"column":8},"end":{"line":19,"column":null}}]}},"s":{"0":2,"1":2,"2":9,"3":9,"4":9,"5":9,"6":8,"7":9,"8":5,"9":8,"10":2,"11":4,"12":2},"f":{"0":9,"1":8,"2":8,"3":2},"b":{"0":[5,4]}}
,"/Users/amorettopersonal/Developer/graph_manager/packages/library/src/Observable.ts": {"path":"/Users/amorettopersonal/Developer/graph_manager/packages/library/src/Observable.ts","statementMap":{"0":{"start":{"line":1,"column":0},"end":{"line":1,"column":31}},"1":{"start":{"line":7,"column":8},"end":{"line":7,"column":40}},"2":{"start":{"line":3,"column":0},"end":{"line":3,"column":21}}},"fnMap":{"0":{"name":"(anonymous_0)","decl":{"start":{"line":6,"column":4},"end":{"line":6,"column":null}},"loc":{"start":{"line":6,"column":4},"end":{"line":8,"column":5}}}},"branchMap":{},"s":{"0":5,"1":27,"2":5},"f":{"0":27},"b":{}}
,"/Users/amorettopersonal/Developer/graph_manager/packages/library/src/StatusManager.ts": {"path":"/Users/amorettopersonal/Developer/graph_manager/packages/library/src/StatusManager.ts","statementMap":{"0":{"start":{"line":1,"column":0},"end":{"line":1,"column":38}},"1":{"start":{"line":3,"column":0},"end":{"line":3,"column":33}},"2":{"start":{"line":10,"column":11},"end":{"line":10,"column":44}},"3":{"start":{"line":11,"column":11},"end":{"line":11,"column":45}},"4":{"start":{"line":12,"column":12},"end":{"line":12,"column":32}},"5":{"start":{"line":15,"column":8},"end":{"line":18,"column":null}},"6":{"start":{"line":16,"column":12},"end":{"line":16,"column":41}},"7":{"start":{"line":17,"column":12},"end":{"line":17,"column":50}},"8":{"start":{"line":19,"column":8},"end":{"line":19,"column":26}},"9":{"start":{"line":20,"column":8},"end":{"line":23,"column":11}},"10":{"start":{"line":21,"column":27},"end":{"line":21,"column":54}},"11":{"start":{"line":22,"column":28},"end":{"line":22,"column":58}},"12":{"start":{"line":24,"column":8},"end":{"line":24,"column":20}},"13":{"start":{"line":28,"column":31},"end":{"line":28,"column":42}},"14":{"start":{"line":29,"column":8},"end":{"line":34,"column":null}},"15":{"start":{"line":30,"column":12},"end":{"line":30,"column":42}},"16":{"start":{"line":31,"column":12},"end":{"line":31,"column":39}},"17":{"start":{"line":32,"column":12},"end":{"line":32,"column":49}},"18":{"start":{"line":33,"column":12},"end":{"line":33,"column":19}},"19":{"start":{"line":35,"column":8},"end":{"line":35,"column":37}},"20":{"start":{"line":36,"column":8},"end":{"line":39,"column":null}},"21":{"start":{"line":37,"column":12},"end":{"line":37,"column":41}},"22":{"start":{"line":38,"column":12},"end":{"line":38,"column":49}},"23":{"start":{"line":43,"column":8},"end":{"line":43,"column":26}},"24":{"start":{"line":44,"column":8},"end":{"line":44,"column":38}},"25":{"start":{"line":45,"column":8},"end":{"line":49,"column":null}},"26":{"start":{"line":46,"column":35},"end":{"line":46,"column":46}},"27":{"start":{"line":47,"column":12},"end":{"line":47,"column":42}},"28":{"start":{"line":48,"column":12},"end":{"line":48,"column":49}},"29":{"start":{"line":53,"column":8},"end":{"line":57,"column":null}},"30":{"start":{"line":54,"column":12},"end":{"line":56,"column":15}},"31":{"start":{"line":9,"column":0},"end":{"line":9,"column":21}}},"fnMap":{"0":{"name":"(anonymous_1)","decl":{"start":{"line":9,"column":0},"end":{"line":9,"column":21}},"loc":{"start":{"line":9,"column":0},"end":{"line":59,"column":1}}},"1":{"name":"(anonymous_2)","decl":{"start":{"line":14,"column":11},"end":{"line":14,"column":24}},"loc":{"start":{"line":14,"column":39},"end":{"line":25,"column":5}}},"2":{"name":"(anonymous_3)","decl":{"start":{"line":21,"column":18},"end":{"line":21,"column":23}},"loc":{"start":{"line":21,"column":27},"end":{"line":21,"column":54}}},"3":{"name":"(anonymous_4)","decl":{"start":{"line":22,"column":22},"end":{"line":22,"column":25}},"loc":{"start":{"line":22,"column":28},"end":{"line":22,"column":58}}},"4":{"name":"(anonymous_5)","decl":{"start":{"line":27,"column":12},"end":{"line":27,"column":27}},"loc":{"start":{"line":27,"column":61},"end":{"line":40,"column":5}}},"5":{"name":"(anonymous_6)","decl":{"start":{"line":42,"column":12},"end":{"line":42,"column":29}},"loc":{"start":{"line":42,"column":44},"end":{"line":50,"column":5}}},"6":{"name":"(anonymous_7)","decl":{"start":{"line":52,"column":12},"end":{"line":52,"column":27}},"loc":{"start":{"line":52,"column":44},"end":{"line":58,"column":5}}}},"branchMap":{"0":{"loc":{"start":{"line":15,"column":8},"end":{"line":18,"column":null}},"type":"if","locations":[{"start":{"line":15,"column":8},"end":{"line":18,"column":null}},{"start":{"line":15,"column":8},"end":{"line":18,"column":null}}]},"1":{"loc":{"start":{"line":29,"column":8},"end":{"line":34,"column":null}},"type":"if","locations":[{"start":{"line":29,"column":8},"end":{"line":34,"column":null}},{"start":{"line":29,"column":8},"end":{"line":34,"column":null}}]},"2":{"loc":{"start":{"line":36,"column":8},"end":{"line":39,"column":null}},"type":"if","locations":[{"start":{"line":36,"column":8},"end":{"line":39,"column":null}},{"start":{"line":36,"column":8},"end":{"line":39,"column":null}}]},"3":{"loc":{"start":{"line":45,"column":8},"end":{"line":49,"column":null}},"type":"if","locations":[{"start":{"line":45,"column":8},"end":{"line":49,"column":null}},{"start":{"line":45,"column":8},"end":{"line":49,"column":null}}]},"4":{"loc":{"start":{"line":53,"column":8},"end":{"line":57,"column":null}},"type":"if","locations":[{"start":{"line":53,"column":8},"end":{"line":57,"column":null}},{"start":{"line":53,"column":8},"end":{"line":57,"column":null}}]}},"s":{"0":2,"1":2,"2":5,"3":5,"4":5,"5":9,"6":5,"7":5,"8":9,"9":9,"10":14,"11":6,"12":9,"13":14,"14":14,"15":4,"16":4,"17":4,"18":4,"19":10,"20":10,"21":8,"22":8,"23":6,"24":6,"25":6,"26":4,"27":4,"28":4,"29":21,"30":14,"31":2},"f":{"0":5,"1":9,"2":14,"3":6,"4":14,"5":6,"6":21},"b":{"0":[5,4],"1":[4,10],"2":[8,2],"3":[4,2],"4":[14,7]}}
,"/Users/amorettopersonal/Developer/graph_manager/packages/library/src/TagManager.ts": {"path":"/Users/amorettopersonal/Developer/graph_manager/packages/library/src/TagManager.ts","statementMap":{"0":{"start":{"line":2,"column":12},"end":{"line":2,"column":null}},"1":{"start":{"line":7,"column":8},"end":{"line":9,"column":null}},"2":{"start":{"line":8,"column":12},"end":{"line":8,"column":32}},"3":{"start":{"line":10,"column":8},"end":{"line":10,"column":30}},"4":{"start":{"line":14,"column":8},"end":{"line":14,"column":58}},"5":{"start":{"line":14,"column":28},"end":{"line":14,"column":56}},"6":{"start":{"line":18,"column":8},"end":{"line":21,"column":11}},"7":{"start":{"line":19,"column":27},"end":{"line":19,"column":43}},"8":{"start":{"line":20,"column":12},"end":{"line":20,"column":65}},"9":{"start":{"line":20,"column":50},"end":{"line":20,"column":63}},"10":{"start":{"line":1,"column":0},"end":{"line":1,"column":21}}},"fnMap":{"0":{"name":"(anonymous_0)","decl":{"start":{"line":4,"column":4},"end":{"line":4,"column":19}},"loc":{"start":{"line":4,"column":4},"end":{"line":4,"column":20}}},"1":{"name":"(anonymous_1)","decl":{"start":{"line":6,"column":11},"end":{"line":6,"column":17}},"loc":{"start":{"line":6,"column":29},"end":{"line":11,"column":5}}},"2":{"name":"(anonymous_2)","decl":{"start":{"line":13,"column":11},"end":{"line":13,"column":20}},"loc":{"start":{"line":13,"column":50},"end":{"line":15,"column":5}}},"3":{"name":"(anonymous_3)","decl":{"start":{"line":14,"column":21},"end":{"line":14,"column":24}},"loc":{"start":{"line":14,"column":28},"end":{"line":14,"column":56}}},"4":{"name":"(anonymous_4)","decl":{"start":{"line":17,"column":11},"end":{"line":17,"column":25}},"loc":{"start":{"line":17,"column":55},"end":{"line":22,"column":5}}},"5":{"name":"(anonymous_5)","decl":{"start":{"line":18,"column":21},"end":{"line":18,"column":24}},"loc":{"start":{"line":18,"column":27},"end":{"line":21,"column":9}}},"6":{"name":"(anonymous_6)","decl":{"start":{"line":20,"column":43},"end":{"line":20,"column":46}},"loc":{"start":{"line":20,"column":50},"end":{"line":20,"column":63}}}},"branchMap":{"0":{"loc":{"start":{"line":7,"column":8},"end":{"line":9,"column":null}},"type":"if","locations":[{"start":{"line":7,"column":8},"end":{"line":9,"column":null}},{"start":{"line":7,"column":8},"end":{"line":9,"column":null}}]}},"s":{"0":15,"1":52,"2":22,"3":52,"4":19,"5":21,"6":10,"7":10,"8":10,"9":12,"10":4},"f":{"0":15,"1":52,"2":19,"3":21,"4":10,"5":10,"6":12},"b":{"0":[22,30]}}
,"/Users/amorettopersonal/Developer/graph_manager/packages/library/src/enums.ts": {"path":"/Users/amorettopersonal/Developer/graph_manager/packages/library/src/enums.ts","statementMap":{"0":{"start":{"line":1,"column":0},"end":{"line":1,"column":null}},"1":{"start":{"line":2,"column":4},"end":{"line":2,"column":null}},"2":{"start":{"line":3,"column":4},"end":{"line":3,"column":null}},"3":{"start":{"line":4,"column":4},"end":{"line":4,"column":null}}},"fnMap":{"0":{"name":"(anonymous_0)","decl":{"start":{"line":1,"column":0},"end":{"line":1,"column":12}},"loc":{"start":{"line":1,"column":18},"end":{"line":5,"column":1}}}},"branchMap":{"0":{"loc":{"start":{"line":1,"column":12},"end":{"line":1,"column":18}},"type":"binary-expr","locations":[{"start":{"line":1,"column":12},"end":{"line":1,"column":18}},{"start":{"line":1,"column":12},"end":{"line":1,"column":null}}]}},"s":{"0":2,"1":2,"2":2,"3":2},"f":{"0":2},"b":{"0":[2,2]}}
}
