TN:
SF:packages/app/src/containers/App/index.js
FN:3,App
FNF:1
FNH:1
FNDA:1,App
DA:4,1
LF:1
LH:1
BRF:0
BRH:0
end_of_record
TN:
SF:packages/library/src/Action.ts
FN:17,(anonymous_1)
FN:26,(anonymous_2)
FN:31,(anonymous_3)
FN:32,(anonymous_4)
FNF:4
FNH:4
FNDA:22,(anonymous_1)
FNDA:19,(anonymous_2)
FNDA:13,(anonymous_3)
FNDA:6,(anonymous_4)
DA:1,5
DA:3,5
DA:10,5
DA:18,22
DA:19,22
DA:20,22
DA:21,22
DA:22,22
DA:23,22
DA:27,19
DA:30,19
DA:31,13
DA:32,6
LF:13
LH:13
BRF:0
BRH:0
end_of_record
TN:
SF:packages/library/src/ActionStore.ts
FN:9,(anonymous_1)
FN:13,(anonymous_2)
FN:20,(anonymous_3)
FN:23,(anonymous_4)
FN:26,(anonymous_5)
FN:31,(anonymous_6)
FN:35,(anonymous_7)
FN:36,(anonymous_8)
FN:37,(anonymous_9)
FN:39,(anonymous_10)
FN:44,(anonymous_11)
FNF:11
FNH:11
FNDA:13,(anonymous_1)
FNDA:42,(anonymous_2)
FNDA:16,(anonymous_3)
FNDA:9,(anonymous_4)
FNDA:9,(anonymous_5)
FNDA:32,(anonymous_6)
FNDA:16,(anonymous_7)
FNDA:15,(anonymous_8)
FNDA:15,(anonymous_9)
FNDA:10,(anonymous_10)
FNDA:10,(anonymous_11)
DA:2,3
DA:4,3
DA:7,13
DA:10,13
DA:14,42
DA:15,13
DA:17,42
DA:21,16
DA:22,16
DA:23,16
DA:27,9
DA:28,9
DA:32,32
DA:36,16
DA:38,15
DA:39,15
DA:40,15
DA:46,10
LF:18
LH:18
BRDA:14,0,0,13
BRDA:14,0,1,29
BRF:2
BRH:2
end_of_record
TN:
SF:packages/library/src/Graph.ts
FN:8,(anonymous_1)
FN:12,(anonymous_2)
FNF:2
FNH:2
FNDA:3,(anonymous_1)
FNDA:6,(anonymous_2)
DA:2,1
DA:3,1
DA:5,1
DA:9,3
DA:13,6
DA:14,6
LF:6
LH:6
BRF:0
BRH:0
end_of_record
TN:
SF:packages/library/src/NodeExecutor.ts
FN:7,(anonymous_1)
FN:11,(anonymous_2)
FN:13,(anonymous_3)
FN:15,(anonymous_4)
FNF:4
FNH:4
FNDA:9,(anonymous_1)
FNDA:8,(anonymous_2)
FNDA:8,(anonymous_3)
FNDA:2,(anonymous_4)
DA:1,2
DA:4,2
DA:6,2
DA:8,9
DA:9,9
DA:10,9
DA:11,9
DA:12,9
DA:13,8
DA:16,2
DA:20,4
LF:11
LH:11
BRDA:12,0,0,5
BRDA:12,0,1,4
BRF:2
BRH:2
end_of_record
TN:
SF:packages/library/src/Observable.ts
FN:6,(anonymous_0)
FNF:1
FNH:1
FNDA:27,(anonymous_0)
DA:1,5
DA:3,5
DA:7,27
LF:3
LH:3
BRF:0
BRH:0
end_of_record
TN:
SF:packages/library/src/StatusManager.ts
FN:9,(anonymous_1)
FN:14,(anonymous_2)
FN:21,(anonymous_3)
FN:22,(anonymous_4)
FN:27,(anonymous_5)
FN:42,(anonymous_6)
FN:52,(anonymous_7)
FNF:7
FNH:7
FNDA:5,(anonymous_1)
FNDA:9,(anonymous_2)
FNDA:14,(anonymous_3)
FNDA:6,(anonymous_4)
FNDA:14,(anonymous_5)
FNDA:6,(anonymous_6)
FNDA:21,(anonymous_7)
DA:1,2
DA:3,2
DA:9,2
DA:10,5
DA:11,5
DA:12,5
DA:15,9
DA:16,5
DA:17,5
DA:19,9
DA:20,9
DA:21,14
DA:22,6
DA:24,9
DA:28,14
DA:29,14
DA:30,4
DA:31,4
DA:32,4
DA:33,4
DA:35,10
DA:36,10
DA:37,8
DA:38,8
DA:43,6
DA:44,6
DA:45,6
DA:46,4
DA:47,4
DA:48,4
DA:53,21
DA:54,14
LF:32
LH:32
BRDA:15,0,0,5
BRDA:15,0,1,4
BRDA:29,1,0,4
BRDA:29,1,1,10
BRDA:36,2,0,8
BRDA:36,2,1,2
BRDA:45,3,0,4
BRDA:45,3,1,2
BRDA:53,4,0,14
BRDA:53,4,1,7
BRF:10
BRH:10
end_of_record
TN:
SF:packages/library/src/TagManager.ts
FN:4,(anonymous_0)
FN:6,(anonymous_1)
FN:13,(anonymous_2)
FN:14,(anonymous_3)
FN:17,(anonymous_4)
FN:18,(anonymous_5)
FN:20,(anonymous_6)
FNF:7
FNH:7
FNDA:15,(anonymous_0)
FNDA:52,(anonymous_1)
FNDA:19,(anonymous_2)
FNDA:21,(anonymous_3)
FNDA:10,(anonymous_4)
FNDA:10,(anonymous_5)
FNDA:12,(anonymous_6)
DA:1,4
DA:2,15
DA:7,52
DA:8,22
DA:10,52
DA:14,21
DA:18,10
DA:19,10
DA:20,12
LF:9
LH:9
BRDA:7,0,0,22
BRDA:7,0,1,30
BRF:2
BRH:2
end_of_record
TN:
SF:packages/library/src/enums.ts
FN:1,(anonymous_0)
FNF:1
FNH:1
FNDA:2,(anonymous_0)
DA:1,2
DA:2,2
DA:3,2
DA:4,2
LF:4
LH:4
BRDA:1,0,0,2
BRDA:1,0,1,2
BRF:2
BRH:2
end_of_record
